# JRE version: OpenJDK Runtime Environment (7.0_65-b32) (build 1.7.0_65-b32)
# Java VM: OpenJDK 64-Bit Server VM (24.65-b04 mixed mode linux-amd64 compressed oops)
Heap
 PSYoungGen      total 321024K, used 0K [0x00000000eaa80000, 0x0000000100000000, 0x0000000100000000)
  eden space 292352K, 0% used [0x00000000eaa80000,0x00000000eaa80000,0x00000000fc800000)
  from space 28672K, 0% used [0x00000000fe400000,0x00000000fe400000,0x0000000100000000)
  to   space 28672K, 0% used [0x00000000fc800000,0x00000000fc800000,0x00000000fe400000)
 ParOldGen       total 90624K, used 90079K [0x00000000c0000000, 0x00000000c5880000, 0x00000000eaa80000)
  object space 90624K, 99% used [0x00000000c0000000,0x00000000c57f7c38,0x00000000c5880000)
 PSPermGen       total 21504K, used 20562K [0x00000000b5a00000, 0x00000000b6f00000, 0x00000000c0000000)
  object space 21504K, 95% used [0x00000000b5a00000,0x00000000b6e14bf0,0x00000000b6f00000)
GC Heap History (10 events):
Event: 26.296 GC heap after
Heap after GC invocations=8 (full 0):
 PSYoungGen      total 274432K, used 12275K [0x00000000eaa80000, 0x00000000fda80000, 0x0000000100000000)
  eden space 262144K, 0% used [0x00000000eaa80000,0x00000000eaa80000,0x00000000faa80000)
  from space 12288K, 99% used [0x00000000fbe80000,0x00000000fca7ce48,0x00000000fca80000)
  to   space 20480K, 0% used [0x00000000faa80000,0x00000000faa80000,0x00000000fbe80000)
 ParOldGen       total 87552K, used 34112K [0x00000000c0000000, 0x00000000c5580000, 0x00000000eaa80000)
  object space 87552K, 38% used [0x00000000c0000000,0x00000000c21500b8,0x00000000c5580000)
 PSPermGen       total 21504K, used 18326K [0x00000000b5a00000, 0x00000000b6f00000, 0x00000000c0000000)
  object space 21504K, 85% used [0x00000000b5a00000,0x00000000b6be5af0,0x00000000b6f00000)
}
Event: 35.233 GC heap before
{Heap before GC invocations=9 (full 0):
 PSYoungGen      total 274432K, used 274419K [0x00000000eaa80000, 0x00000000fda80000, 0x0000000100000000)
  eden space 262144K, 100% used [0x00000000eaa80000,0x00000000faa80000,0x00000000faa80000)
  from space 12288K, 99% used [0x00000000fbe80000,0x00000000fca7ce48,0x00000000fca80000)
  to   space 20480K, 0% used [0x00000000faa80000,0x00000000faa80000,0x00000000fbe80000)
 ParOldGen       total 87552K, used 34112K [0x00000000c0000000, 0x00000000c5580000, 0x00000000eaa80000)
  object space 87552K, 38% used [0x00000000c0000000,0x00000000c21500b8,0x00000000c5580000)
 PSPermGen       total 21504K, used 18577K [0x00000000b5a00000, 0x00000000b6f00000, 0x00000000c0000000)
  object space 21504K, 86% used [0x00000000b5a00000,0x00000000b6c24590,0x00000000b6f00000)
Event: 35.462 GC heap after
Heap after GC invocations=9 (full 0):
 PSYoungGen      total 282624K, used 20450K [0x00000000eaa80000, 0x0000000100000000, 0x0000000100000000)
  eden space 262144K, 0% used [0x00000000eaa80000,0x00000000eaa80000,0x00000000faa80000)
  from space 20480K, 99% used [0x00000000faa80000,0x00000000fbe789a0,0x00000000fbe80000)
  to   space 27136K, 0% used [0x00000000fe580000,0x00000000fe580000,0x0000000100000000)
 ParOldGen       total 87552K, used 43104K [0x00000000c0000000, 0x00000000c5580000, 0x00000000eaa80000)
  object space 87552K, 49% used [0x00000000c0000000,0x00000000c2a182f8,0x00000000c5580000)
 PSPermGen       total 21504K, used 18577K [0x00000000b5a00000, 0x00000000b6f00000, 0x00000000c0000000)
  object space 21504K, 86% used [0x00000000b5a00000,0x00000000b6c24590,0x00000000b6f00000)
}
Event: 48.236 GC heap before
{Heap before GC invocations=10 (full 0):
 PSYoungGen      total 282624K, used 282594K [0x00000000eaa80000, 0x0000000100000000, 0x0000000100000000)
  eden space 262144K, 100% used [0x00000000eaa80000,0x00000000faa80000,0x00000000faa80000)
  from space 20480K, 99% used [0x00000000faa80000,0x00000000fbe789a0,0x00000000fbe80000)
  to   space 27136K, 0% used [0x00000000fe580000,0x00000000fe580000,0x0000000100000000)
 ParOldGen       total 87552K, used 43104K [0x00000000c0000000, 0x00000000c5580000, 0x00000000eaa80000)
  object space 87552K, 49% used [0x00000000c0000000,0x00000000c2a182f8,0x00000000c5580000)
 PSPermGen       total 21504K, used 19195K [0x00000000b5a00000, 0x00000000b6f00000, 0x00000000c0000000)
  object space 21504K, 89% used [0x00000000b5a00000,0x00000000b6cbee88,0x00000000b6f00000)
Event: 48.526 GC heap after
Heap after GC invocations=10 (full 0):
 PSYoungGen      total 322560K, used 15904K [0x00000000eaa80000, 0x0000000100000000, 0x0000000100000000)
  eden space 295424K, 0% used [0x00000000eaa80000,0x00000000eaa80000,0x00000000fcb00000)
  from space 27136K, 58% used [0x00000000fe580000,0x00000000ff508000,0x0000000100000000)
  to   space 27136K, 0% used [0x00000000fcb00000,0x00000000fcb00000,0x00000000fe580000)
 ParOldGen       total 87552K, used 53395K [0x00000000c0000000, 0x00000000c5580000, 0x00000000eaa80000)
  object space 87552K, 60% used [0x00000000c0000000,0x00000000c3424e80,0x00000000c5580000)
 PSPermGen       total 21504K, used 19195K [0x00000000b5a00000, 0x00000000b6f00000, 0x00000000c0000000)
  object space 21504K, 89% used [0x00000000b5a00000,0x00000000b6cbee88,0x00000000b6f00000)
}
Event: 57.165 GC heap before
{Heap before GC invocations=11 (full 0):
 PSYoungGen      total 322560K, used 311328K [0x00000000eaa80000, 0x0000000100000000, 0x0000000100000000)
  eden space 295424K, 100% used [0x00000000eaa80000,0x00000000fcb00000,0x00000000fcb00000)
  from space 27136K, 58% used [0x00000000fe580000,0x00000000ff508000,0x0000000100000000)
  to   space 27136K, 0% used [0x00000000fcb00000,0x00000000fcb00000,0x00000000fe580000)
 ParOldGen       total 87552K, used 53395K [0x00000000c0000000, 0x00000000c5580000, 0x00000000eaa80000)
  object space 87552K, 60% used [0x00000000c0000000,0x00000000c3424e80,0x00000000c5580000)
 PSPermGen       total 21504K, used 19317K [0x00000000b5a00000, 0x00000000b6f00000, 0x00000000c0000000)
  object space 21504K, 89% used [0x00000000b5a00000,0x00000000b6cdd450,0x00000000b6f00000)
Event: 58.224 GC heap after
Heap after GC invocations=11 (full 0):
 PSYoungGen      total 316928K, used 21319K [0x00000000eaa80000, 0x0000000100000000, 0x0000000100000000)
  eden space 295424K, 0% used [0x00000000eaa80000,0x00000000eaa80000,0x00000000fcb00000)
  from space 21504K, 99% used [0x00000000fcb00000,0x00000000fdfd1d48,0x00000000fe000000)
  to   space 28672K, 0% used [0x00000000fe400000,0x00000000fe400000,0x0000000100000000)
 ParOldGen       total 87552K, used 69032K [0x00000000c0000000, 0x00000000c5580000, 0x00000000eaa80000)
  object space 87552K, 78% used [0x00000000c0000000,0x00000000c436a3d0,0x00000000c5580000)
 PSPermGen       total 21504K, used 19317K [0x00000000b5a00000, 0x00000000b6f00000, 0x00000000c0000000)
  object space 21504K, 89% used [0x00000000b5a00000,0x00000000b6cdd450,0x00000000b6f00000)
}
Event: 208.859 GC heap before
{Heap before GC invocations=12 (full 0):
 PSYoungGen      total 316928K, used 316743K [0x00000000eaa80000, 0x0000000100000000, 0x0000000100000000)
  eden space 295424K, 100% used [0x00000000eaa80000,0x00000000fcb00000,0x00000000fcb00000)
  from space 21504K, 99% used [0x00000000fcb00000,0x00000000fdfd1d48,0x00000000fe000000)
  to   space 28672K, 0% used [0x00000000fe400000,0x00000000fe400000,0x0000000100000000)
 ParOldGen       total 87552K, used 69032K [0x00000000c0000000, 0x00000000c5580000, 0x00000000eaa80000)
  object space 87552K, 78% used [0x00000000c0000000,0x00000000c436a3d0,0x00000000c5580000)
 PSPermGen       total 21504K, used 20571K [0x00000000b5a00000, 0x00000000b6f00000, 0x00000000c0000000)
  object space 21504K, 95% used [0x00000000b5a00000,0x00000000b6e16da0,0x00000000b6f00000)
Event: 211.096 GC heap after
Heap after GC invocations=12 (full 0):
 PSYoungGen      total 321024K, used 17110K [0x00000000eaa80000, 0x0000000100000000, 0x0000000100000000)
  eden space 292352K, 0% used [0x00000000eaa80000,0x00000000eaa80000,0x00000000fc800000)
  from space 28672K, 59% used [0x00000000fe400000,0x00000000ff4b5ba0,0x0000000100000000)
  to   space 28672K, 0% used [0x00000000fc800000,0x00000000fc800000,0x00000000fe400000)
 ParOldGen       total 90624K, used 90292K [0x00000000c0000000, 0x00000000c5880000, 0x00000000eaa80000)
  object space 90624K, 99% used [0x00000000c0000000,0x00000000c582d3f0,0x00000000c5880000)
 PSPermGen       total 21504K, used 20571K [0x00000000b5a00000, 0x00000000b6f00000, 0x00000000c0000000)
  object space 21504K, 95% used [0x00000000b5a00000,0x00000000b6e16da0,0x00000000b6f00000)
}
Event: 211.323 GC heap before
{Heap before GC invocations=13 (full 1):
 PSYoungGen      total 321024K, used 17110K [0x00000000eaa80000, 0x0000000100000000, 0x0000000100000000)
  eden space 292352K, 0% used [0x00000000eaa80000,0x00000000eaa80000,0x00000000fc800000)
  from space 28672K, 59% used [0x00000000fe400000,0x00000000ff4b5ba0,0x0000000100000000)
  to   space 28672K, 0% used [0x00000000fc800000,0x00000000fc800000,0x00000000fe400000)
 ParOldGen       total 90624K, used 90292K [0x00000000c0000000, 0x00000000c5880000, 0x00000000eaa80000)
  object space 90624K, 99% used [0x00000000c0000000,0x00000000c582d3f0,0x00000000c5880000)
 PSPermGen       total 21504K, used 20571K [0x00000000b5a00000, 0x00000000b6f00000, 0x00000000c0000000)
  object space 21504K, 95% used [0x00000000b5a00000,0x00000000b6e16da0,0x00000000b6f00000)

